app/build/intermediates/manifest_merge_blame_file/debug/manifest-merger-blame-debug-report.txt
1<?xml version="1.0" encoding="utf-8"?>
2<manifest xmlns:android="http://schemas.android.com/apk/res/android"
3    package="com.example.apistock"
4    android:versionCode="1"
5    android:versionName="1.0" >
6
7    <uses-sdk
8        android:minSdkVersion="26"
8-->src\main\AndroidManifest.xml
9        android:targetSdkVersion="30" />
9-->src\main\AndroidManifest.xml
10
11    <uses-permission android:name="android.permission.INTERNET" />
11-->src\main\AndroidManifest.xml:5:5-67
11-->src\main\AndroidManifest.xml:5:22-64
12
13    <!-- Permission will be merged into the manifest of the hosting app. -->
14    <!-- Is required to launch foreground extraction service for targetSdkVersion 28+. -->
15    <uses-permission android:name="android.permission.FOREGROUND_SERVICE" />
15-->[com.google.android.play:core:1.7.2] AndroidManifest.xml:8:3-74
15-->[com.google.android.play:core:1.7.2] AndroidManifest.xml:8:20-72
16
17    <application
17-->src\main\AndroidManifest.xml:7:5-26:19
18        android:name="com.example.apistock.BaseApplication"
18-->src\main\AndroidManifest.xml:8:9-40
19        android:allowBackup="true"
19-->src\main\AndroidManifest.xml:9:9-35
20        android:appComponentFactory="androidx.core.app.CoreComponentFactory"
20-->[androidx.core:core:1.5.0-beta01] AndroidManifest.xml:24:18-86
21        android:debuggable="true"
22        android:extractNativeLibs="false"
23        android:icon="@mipmap/ic_launcher"
23-->src\main\AndroidManifest.xml:10:9-43
24        android:label="@string/app_name"
24-->src\main\AndroidManifest.xml:11:9-41
25        android:roundIcon="@mipmap/ic_launcher_round"
25-->src\main\AndroidManifest.xml:12:9-54
26        android:supportsRtl="true"
26-->src\main\AndroidManifest.xml:13:9-35
27        android:testOnly="true"
28        android:theme="@style/AppTheme" >
28-->src\main\AndroidManifest.xml:14:9-40
29        <activity android:name="com.example.apistock.ui.MainActivity" >
29-->src\main\AndroidManifest.xml:15:9-21:20
29-->src\main\AndroidManifest.xml:15:19-50
30            <intent-filter>
30-->src\main\AndroidManifest.xml:16:13-20:29
31                <action android:name="android.intent.action.MAIN" />
31-->src\main\AndroidManifest.xml:17:17-69
31-->src\main\AndroidManifest.xml:17:25-66
32
33                <category android:name="android.intent.category.LAUNCHER" />
33-->src\main\AndroidManifest.xml:19:17-77
33-->src\main\AndroidManifest.xml:19:27-74
34            </intent-filter>
35        </activity>
36
37        <meta-data
37-->src\main\AndroidManifest.xml:23:9-25:57
38            android:name="preloaded_fonts"
38-->src\main\AndroidManifest.xml:24:13-43
39            android:resource="@array/preloaded_fonts" />
39-->src\main\AndroidManifest.xml:25:13-54
40
41        <provider
41-->[androidx.lifecycle:lifecycle-process:2.2.0] AndroidManifest.xml:25:9-29:43
42            android:name="androidx.lifecycle.ProcessLifecycleOwnerInitializer"
42-->[androidx.lifecycle:lifecycle-process:2.2.0] AndroidManifest.xml:26:13-79
43            android:authorities="com.example.apistock.lifecycle-process"
43-->[androidx.lifecycle:lifecycle-process:2.2.0] AndroidManifest.xml:27:13-69
44            android:exported="false"
44-->[androidx.lifecycle:lifecycle-process:2.2.0] AndroidManifest.xml:28:13-37
45            android:multiprocess="true" /> <!-- The activities will be merged into the manifest of the hosting app. -->
45-->[androidx.lifecycle:lifecycle-process:2.2.0] AndroidManifest.xml:29:13-40
46        <activity
46-->[com.google.android.play:core:1.7.2] AndroidManifest.xml:12:5-271
47            android:name="com.google.android.play.core.missingsplits.PlayCoreMissingSplitsActivity"
47-->[com.google.android.play:core:1.7.2] AndroidManifest.xml:12:15-102
48            android:enabled="false"
48-->[com.google.android.play:core:1.7.2] AndroidManifest.xml:12:103-126
49            android:exported="false"
49-->[com.google.android.play:core:1.7.2] AndroidManifest.xml:12:127-151
50            android:launchMode="singleInstance"
50-->[com.google.android.play:core:1.7.2] AndroidManifest.xml:12:204-239
51            android:process=":playcore_missing_splits_activity"
51-->[com.google.android.play:core:1.7.2] AndroidManifest.xml:12:152-203
52            android:stateNotNeeded="true" />
52-->[com.google.android.play:core:1.7.2] AndroidManifest.xml:12:240-269
53        <activity
53-->[com.google.android.play:core:1.7.2] AndroidManifest.xml:13:5-226
54            android:name="com.google.android.play.core.common.PlayCoreDialogWrapperActivity"
54-->[com.google.android.play:core:1.7.2] AndroidManifest.xml:13:15-95
55            android:enabled="false"
55-->[com.google.android.play:core:1.7.2] AndroidManifest.xml:13:96-119
56            android:exported="false"
56-->[com.google.android.play:core:1.7.2] AndroidManifest.xml:13:120-144
57            android:stateNotNeeded="true"
57-->[com.google.android.play:core:1.7.2] AndroidManifest.xml:13:145-174
58            android:theme="@style/Theme.PlayCore.Transparent" /> <!-- The service will be merged into the manifest of the hosting app. -->
58-->[com.google.android.play:core:1.7.2] AndroidManifest.xml:13:175-224
59        <service
59-->[com.google.android.play:core:1.7.2] AndroidManifest.xml:16:5-145
60            android:name="com.google.android.play.core.assetpacks.AssetPackExtractionService"
60-->[com.google.android.play:core:1.7.2] AndroidManifest.xml:16:14-95
61            android:enabled="false"
61-->[com.google.android.play:core:1.7.2] AndroidManifest.xml:16:96-119
62            android:exported="true" />
62-->[com.google.android.play:core:1.7.2] AndroidManifest.xml:16:120-143
63    </application>
64
65</manifest>